{
"/Users/abshahin/dev/vault-auth-aws/libs/awsSignedConfigs.js":{"path":"/Users/abshahin/dev/vault-auth-aws/libs/awsSignedConfigs.js","s":{"1":1,"2":6,"3":6,"4":6,"5":6,"6":6,"7":2,"8":4,"9":6,"10":6,"11":6,"12":36,"13":0,"14":36,"15":6,"16":6,"17":6,"18":1},"b":{"1":[2,4],"2":[0,36]},"f":{"1":6,"2":6,"3":6,"4":6},"fnMap":{"1":{"name":"(anonymous_1)","line":4,"loc":{"start":{"line":4,"column":15},"end":{"line":4,"column":22}}},"2":{"name":"(anonymous_2)","line":10,"loc":{"start":{"line":10,"column":21},"end":{"line":10,"column":24}}},"3":{"name":"(anonymous_3)","line":25,"loc":{"start":{"line":25,"column":21},"end":{"line":25,"column":24}}},"4":{"name":"(anonymous_4)","line":36,"loc":{"start":{"line":36,"column":20},"end":{"line":36,"column":23}}}},"statementMap":{"1":{"start":{"line":1,"column":0},"end":{"line":1,"column":29}},"2":{"start":{"line":5,"column":8},"end":{"line":5,"column":35}},"3":{"start":{"line":6,"column":8},"end":{"line":6,"column":46}},"4":{"start":{"line":7,"column":8},"end":{"line":7,"column":58}},"5":{"start":{"line":8,"column":8},"end":{"line":8,"column":76}},"6":{"start":{"line":11,"column":8},"end":{"line":20,"column":9}},"7":{"start":{"line":12,"column":12},"end":{"line":16,"column":15}},"8":{"start":{"line":19,"column":11},"end":{"line":19,"column":86}},"9":{"start":{"line":22,"column":8},"end":{"line":22,"column":29}},"10":{"start":{"line":26,"column":8},"end":{"line":26,"column":46}},"11":{"start":{"line":27,"column":8},"end":{"line":32,"column":9}},"12":{"start":{"line":28,"column":12},"end":{"line":30,"column":13}},"13":{"start":{"line":29,"column":16},"end":{"line":29,"column":61}},"14":{"start":{"line":31,"column":12},"end":{"line":31,"column":48}},"15":{"start":{"line":33,"column":8},"end":{"line":33,"column":23}},"16":{"start":{"line":37,"column":8},"end":{"line":37,"column":46}},"17":{"start":{"line":38,"column":8},"end":{"line":44,"column":10}},"18":{"start":{"line":47,"column":0},"end":{"line":47,"column":34}}},"branchMap":{"1":{"line":11,"type":"if","locations":[{"start":{"line":11,"column":8},"end":{"line":11,"column":8}},{"start":{"line":11,"column":8},"end":{"line":11,"column":8}}]},"2":{"line":28,"type":"if","locations":[{"start":{"line":28,"column":12},"end":{"line":28,"column":12}},{"start":{"line":28,"column":12},"end":{"line":28,"column":12}}]}},"l":{"1":1,"5":6,"6":6,"7":6,"8":6,"11":6,"12":2,"19":4,"22":6,"26":6,"27":6,"28":36,"29":0,"31":36,"33":6,"37":6,"38":6,"47":1}},
"/Users/abshahin/dev/vault-auth-aws/libs/configs.js":{"path":"/Users/abshahin/dev/vault-auth-aws/libs/configs.js","s":{"1":1,"2":1,"3":13,"4":13,"5":13,"6":13,"7":13,"8":13,"9":13,"10":13,"11":13,"12":10,"13":1,"14":9,"15":1,"16":8,"17":1,"18":7,"19":1,"20":6,"21":1,"22":5,"23":1,"24":4,"25":7,"26":7,"27":7,"28":3,"29":7,"30":7,"31":3,"32":7,"33":1},"b":{"1":[13,0],"2":[13,12],"3":[13,12],"4":[13,0],"5":[13,12],"6":[0,13],"7":[1,9],"8":[1,8],"9":[9,1],"10":[1,7],"11":[8,8,8],"12":[1,6],"13":[7,1],"14":[1,5],"15":[1,4],"16":[7,0],"17":[3,4],"18":[3,4]},"f":{"1":13,"2":10,"3":7},"fnMap":{"1":{"name":"(anonymous_1)","line":5,"loc":{"start":{"line":5,"column":15},"end":{"line":5,"column":22}}},"2":{"name":"(anonymous_2)","line":16,"loc":{"start":{"line":16,"column":20},"end":{"line":16,"column":23}}},"3":{"name":"(anonymous_3)","line":54,"loc":{"start":{"line":54,"column":15},"end":{"line":54,"column":18}}}},"statementMap":{"1":{"start":{"line":1,"column":0},"end":{"line":1,"column":25}},"2":{"start":{"line":2,"column":0},"end":{"line":2,"column":39}},"3":{"start":{"line":6,"column":8},"end":{"line":6,"column":37}},"4":{"start":{"line":7,"column":8},"end":{"line":7,"column":30}},"5":{"start":{"line":8,"column":8},"end":{"line":8,"column":48}},"6":{"start":{"line":9,"column":8},"end":{"line":9,"column":50}},"7":{"start":{"line":10,"column":8},"end":{"line":10,"column":46}},"8":{"start":{"line":11,"column":8},"end":{"line":11,"column":86}},"9":{"start":{"line":12,"column":8},"end":{"line":12,"column":66}},"10":{"start":{"line":13,"column":8},"end":{"line":13,"column":46}},"11":{"start":{"line":14,"column":8},"end":{"line":14,"column":75}},"12":{"start":{"line":17,"column":8},"end":{"line":21,"column":14}},"13":{"start":{"line":18,"column":12},"end":{"line":21,"column":14}},"14":{"start":{"line":22,"column":8},"end":{"line":27,"column":9}},"15":{"start":{"line":23,"column":12},"end":{"line":26,"column":14}},"16":{"start":{"line":28,"column":8},"end":{"line":33,"column":9}},"17":{"start":{"line":29,"column":12},"end":{"line":32,"column":14}},"18":{"start":{"line":34,"column":8},"end":{"line":39,"column":9}},"19":{"start":{"line":35,"column":12},"end":{"line":38,"column":14}},"20":{"start":{"line":40,"column":8},"end":{"line":45,"column":9}},"21":{"start":{"line":41,"column":12},"end":{"line":44,"column":14}},"22":{"start":{"line":46,"column":8},"end":{"line":51,"column":9}},"23":{"start":{"line":47,"column":12},"end":{"line":50,"column":14}},"24":{"start":{"line":52,"column":8},"end":{"line":52,"column":31}},"25":{"start":{"line":55,"column":8},"end":{"line":55,"column":54}},"26":{"start":{"line":56,"column":8},"end":{"line":56,"column":96}},"27":{"start":{"line":57,"column":8},"end":{"line":59,"column":9}},"28":{"start":{"line":58,"column":12},"end":{"line":58,"column":76}},"29":{"start":{"line":60,"column":8},"end":{"line":70,"column":10}},"30":{"start":{"line":71,"column":8},"end":{"line":72,"column":65}},"31":{"start":{"line":72,"column":12},"end":{"line":72,"column":65}},"32":{"start":{"line":73,"column":8},"end":{"line":73,"column":28}},"33":{"start":{"line":76,"column":0},"end":{"line":76,"column":25}}},"branchMap":{"1":{"line":6,"type":"binary-expr","locations":[{"start":{"line":6,"column":19},"end":{"line":6,"column":27}},{"start":{"line":6,"column":31},"end":{"line":6,"column":36}}]},"2":{"line":8,"type":"binary-expr","locations":[{"start":{"line":8,"column":20},"end":{"line":8,"column":39}},{"start":{"line":8,"column":43},"end":{"line":8,"column":47}}]},"3":{"line":9,"type":"binary-expr","locations":[{"start":{"line":9,"column":26},"end":{"line":9,"column":41}},{"start":{"line":9,"column":45},"end":{"line":9,"column":49}}]},"4":{"line":11,"type":"binary-expr","locations":[{"start":{"line":11,"column":28},"end":{"line":11,"column":45}},{"start":{"line":11,"column":49},"end":{"line":11,"column":85}}]},"5":{"line":12,"type":"binary-expr","locations":[{"start":{"line":12,"column":34},"end":{"line":12,"column":57}},{"start":{"line":12,"column":61},"end":{"line":12,"column":65}}]},"6":{"line":14,"type":"cond-expr","locations":[{"start":{"line":14,"column":64},"end":{"line":14,"column":68}},{"start":{"line":14,"column":69},"end":{"line":14,"column":74}}]},"7":{"line":17,"type":"if","locations":[{"start":{"line":17,"column":8},"end":{"line":17,"column":8}},{"start":{"line":17,"column":8},"end":{"line":17,"column":8}}]},"8":{"line":22,"type":"if","locations":[{"start":{"line":22,"column":8},"end":{"line":22,"column":8}},{"start":{"line":22,"column":8},"end":{"line":22,"column":8}}]},"9":{"line":22,"type":"binary-expr","locations":[{"start":{"line":22,"column":11},"end":{"line":22,"column":39}},{"start":{"line":22,"column":43},"end":{"line":22,"column":69}}]},"10":{"line":28,"type":"if","locations":[{"start":{"line":28,"column":8},"end":{"line":28,"column":8}},{"start":{"line":28,"column":8},"end":{"line":28,"column":8}}]},"11":{"line":28,"type":"binary-expr","locations":[{"start":{"line":28,"column":11},"end":{"line":28,"column":40}},{"start":{"line":28,"column":44},"end":{"line":28,"column":60}},{"start":{"line":28,"column":64},"end":{"line":28,"column":81}}]},"12":{"line":34,"type":"if","locations":[{"start":{"line":34,"column":8},"end":{"line":34,"column":8}},{"start":{"line":34,"column":8},"end":{"line":34,"column":8}}]},"13":{"line":34,"type":"binary-expr","locations":[{"start":{"line":34,"column":11},"end":{"line":34,"column":35}},{"start":{"line":34,"column":39},"end":{"line":34,"column":63}}]},"14":{"line":40,"type":"if","locations":[{"start":{"line":40,"column":8},"end":{"line":40,"column":8}},{"start":{"line":40,"column":8},"end":{"line":40,"column":8}}]},"15":{"line":46,"type":"if","locations":[{"start":{"line":46,"column":8},"end":{"line":46,"column":8}},{"start":{"line":46,"column":8},"end":{"line":46,"column":8}}]},"16":{"line":55,"type":"cond-expr","locations":[{"start":{"line":55,"column":33},"end":{"line":55,"column":43}},{"start":{"line":55,"column":44},"end":{"line":55,"column":53}}]},"17":{"line":57,"type":"if","locations":[{"start":{"line":57,"column":8},"end":{"line":57,"column":8}},{"start":{"line":57,"column":8},"end":{"line":57,"column":8}}]},"18":{"line":71,"type":"if","locations":[{"start":{"line":71,"column":8},"end":{"line":71,"column":8}},{"start":{"line":71,"column":8},"end":{"line":71,"column":8}}]}},"l":{"1":1,"2":1,"6":13,"7":13,"8":13,"9":13,"10":13,"11":13,"12":13,"13":13,"14":13,"17":10,"18":1,"22":9,"23":1,"28":8,"29":1,"34":7,"35":1,"40":6,"41":1,"46":5,"47":1,"52":4,"55":7,"56":7,"57":7,"58":3,"60":7,"71":7,"72":3,"73":7,"76":1}},
"/Users/abshahin/dev/vault-auth-aws/index.js":{"path":"/Users/abshahin/dev/vault-auth-aws/index.js","s":{"1":1,"2":1,"3":1,"4":4,"5":4,"6":4,"7":0,"8":4,"9":4,"10":4,"11":4,"12":2,"13":4,"14":4,"15":4,"16":0,"17":0,"18":0,"19":0,"20":0,"21":0,"22":1},"b":{"1":[0,4],"2":[2,2],"3":[4,0],"4":[0,0]},"f":{"1":4,"2":4,"3":0,"4":0},"fnMap":{"1":{"name":"(anonymous_1)","line":7,"loc":{"start":{"line":7,"column":16},"end":{"line":7,"column":23}}},"2":{"name":"(anonymous_2)","line":16,"loc":{"start":{"line":16,"column":15},"end":{"line":16,"column":18}}},"3":{"name":"(anonymous_3)","line":32,"loc":{"start":{"line":32,"column":17},"end":{"line":32,"column":20}}},"4":{"name":"(anonymous_4)","line":35,"loc":{"start":{"line":35,"column":33},"end":{"line":35,"column":59}}}},"statementMap":{"1":{"start":{"line":1,"column":0},"end":{"line":1,"column":47}},"2":{"start":{"line":2,"column":0},"end":{"line":2,"column":60}},"3":{"start":{"line":3,"column":0},"end":{"line":3,"column":35}},"4":{"start":{"line":8,"column":8},"end":{"line":8,"column":45}},"5":{"start":{"line":9,"column":8},"end":{"line":9,"column":53}},"6":{"start":{"line":10,"column":8},"end":{"line":12,"column":9}},"7":{"start":{"line":11,"column":12},"end":{"line":11,"column":39}},"8":{"start":{"line":13,"column":8},"end":{"line":13,"column":44}},"9":{"start":{"line":17,"column":8},"end":{"line":17,"column":110}},"10":{"start":{"line":18,"column":8},"end":{"line":22,"column":10}},"11":{"start":{"line":23,"column":8},"end":{"line":25,"column":9}},"12":{"start":{"line":24,"column":12},"end":{"line":24,"column":58}},"13":{"start":{"line":26,"column":8},"end":{"line":28,"column":9}},"14":{"start":{"line":27,"column":12},"end":{"line":27,"column":62}},"15":{"start":{"line":29,"column":8},"end":{"line":29,"column":23}},"16":{"start":{"line":33,"column":8},"end":{"line":42,"column":11}},"17":{"start":{"line":34,"column":12},"end":{"line":34,"column":44}},"18":{"start":{"line":35,"column":12},"end":{"line":41,"column":15}},"19":{"start":{"line":36,"column":16},"end":{"line":40,"column":17}},"20":{"start":{"line":37,"column":20},"end":{"line":37,"column":32}},"21":{"start":{"line":39,"column":20},"end":{"line":39,"column":34}},"22":{"start":{"line":46,"column":0},"end":{"line":46,"column":30}}},"branchMap":{"1":{"line":10,"type":"if","locations":[{"start":{"line":10,"column":8},"end":{"line":10,"column":8}},{"start":{"line":10,"column":8},"end":{"line":10,"column":8}}]},"2":{"line":23,"type":"if","locations":[{"start":{"line":23,"column":8},"end":{"line":23,"column":8}},{"start":{"line":23,"column":8},"end":{"line":23,"column":8}}]},"3":{"line":26,"type":"if","locations":[{"start":{"line":26,"column":8},"end":{"line":26,"column":8}},{"start":{"line":26,"column":8},"end":{"line":26,"column":8}}]},"4":{"line":36,"type":"if","locations":[{"start":{"line":36,"column":16},"end":{"line":36,"column":16}},{"start":{"line":36,"column":16},"end":{"line":36,"column":16}}]}},"l":{"1":1,"2":1,"3":1,"8":4,"9":4,"10":4,"11":0,"13":4,"17":4,"18":4,"23":4,"24":2,"26":4,"27":4,"29":4,"33":0,"34":0,"35":0,"36":0,"37":0,"39":0,"46":1}}}
