{
"/Users/andyjames/Documents/GitHub/vault-auth-aws/libs/awsSignedConfigs.js":{"path":"/Users/andyjames/Documents/GitHub/vault-auth-aws/libs/awsSignedConfigs.js","s":{"1":1,"2":6,"3":6,"4":6,"5":6,"6":6,"7":6,"8":0,"9":6,"10":6,"11":0,"12":6,"13":6,"14":6,"15":6,"16":36,"17":6,"18":36,"19":6,"20":6,"21":6,"22":1},"b":{"1":[0,6],"2":[6,0],"3":[6,30]},"f":{"1":6,"2":6,"3":6,"4":6},"fnMap":{"1":{"name":"(anonymous_1)","line":4,"loc":{"start":{"line":4,"column":15},"end":{"line":4,"column":22}}},"2":{"name":"(anonymous_2)","line":10,"loc":{"start":{"line":10,"column":21},"end":{"line":10,"column":29}}},"3":{"name":"(anonymous_3)","line":33,"loc":{"start":{"line":33,"column":21},"end":{"line":33,"column":29}}},"4":{"name":"(anonymous_4)","line":45,"loc":{"start":{"line":45,"column":20},"end":{"line":45,"column":28}}}},"statementMap":{"1":{"start":{"line":1,"column":0},"end":{"line":1,"column":29}},"2":{"start":{"line":5,"column":8},"end":{"line":5,"column":35}},"3":{"start":{"line":6,"column":8},"end":{"line":6,"column":46}},"4":{"start":{"line":7,"column":8},"end":{"line":7,"column":58}},"5":{"start":{"line":8,"column":8},"end":{"line":8,"column":76}},"6":{"start":{"line":11,"column":8},"end":{"line":14,"column":10}},"7":{"start":{"line":15,"column":8},"end":{"line":17,"column":9}},"8":{"start":{"line":16,"column":12},"end":{"line":16,"column":55}},"9":{"start":{"line":19,"column":8},"end":{"line":29,"column":9}},"10":{"start":{"line":20,"column":12},"end":{"line":24,"column":25}},"11":{"start":{"line":28,"column":11},"end":{"line":28,"column":96}},"12":{"start":{"line":30,"column":8},"end":{"line":30,"column":29}},"13":{"start":{"line":34,"column":8},"end":{"line":34,"column":57}},"14":{"start":{"line":35,"column":8},"end":{"line":35,"column":44}},"15":{"start":{"line":36,"column":8},"end":{"line":41,"column":9}},"16":{"start":{"line":37,"column":12},"end":{"line":39,"column":13}},"17":{"start":{"line":38,"column":16},"end":{"line":38,"column":61}},"18":{"start":{"line":40,"column":12},"end":{"line":40,"column":48}},"19":{"start":{"line":42,"column":8},"end":{"line":42,"column":23}},"20":{"start":{"line":46,"column":8},"end":{"line":46,"column":51}},"21":{"start":{"line":48,"column":8},"end":{"line":54,"column":10}},"22":{"start":{"line":57,"column":0},"end":{"line":57,"column":34}}},"branchMap":{"1":{"line":15,"type":"if","locations":[{"start":{"line":15,"column":8},"end":{"line":15,"column":8}},{"start":{"line":15,"column":8},"end":{"line":15,"column":8}}]},"2":{"line":19,"type":"if","locations":[{"start":{"line":19,"column":8},"end":{"line":19,"column":8}},{"start":{"line":19,"column":8},"end":{"line":19,"column":8}}]},"3":{"line":37,"type":"if","locations":[{"start":{"line":37,"column":12},"end":{"line":37,"column":12}},{"start":{"line":37,"column":12},"end":{"line":37,"column":12}}]}},"l":{"1":1,"5":6,"6":6,"7":6,"8":6,"11":6,"15":6,"16":0,"19":6,"20":6,"28":0,"30":6,"34":6,"35":6,"36":6,"37":36,"38":6,"40":36,"42":6,"46":6,"48":6,"57":1}},
"/Users/andyjames/Documents/GitHub/vault-auth-aws/libs/configs.js":{"path":"/Users/andyjames/Documents/GitHub/vault-auth-aws/libs/configs.js","s":{"1":1,"2":1,"3":14,"4":14,"5":14,"6":14,"7":14,"8":14,"9":14,"10":14,"11":14,"12":11,"13":1,"14":10,"15":1,"16":9,"17":1,"18":8,"19":1,"20":7,"21":1,"22":6,"23":1,"24":5,"25":1,"26":4,"27":7,"28":7,"29":7,"30":7,"31":3,"32":7,"33":7,"34":3,"35":7,"36":1},"b":{"1":[14,0],"2":[14,13],"3":[14,13],"4":[14,13],"5":[14,0],"6":[14,13],"7":[13,1],"8":[14,1],"9":[1,10],"10":[1,9],"11":[10,1],"12":[1,8],"13":[9,9,9],"14":[1,7],"15":[8,1],"16":[1,6],"17":[1,5],"18":[1,4],"19":[7,0],"20":[3,4],"21":[3,4]},"f":{"1":14,"2":11,"3":7},"fnMap":{"1":{"name":"(anonymous_1)","line":5,"loc":{"start":{"line":5,"column":15},"end":{"line":5,"column":22}}},"2":{"name":"(anonymous_2)","line":16,"loc":{"start":{"line":16,"column":20},"end":{"line":16,"column":23}}},"3":{"name":"(anonymous_3)","line":60,"loc":{"start":{"line":60,"column":15},"end":{"line":60,"column":18}}}},"statementMap":{"1":{"start":{"line":1,"column":0},"end":{"line":1,"column":25}},"2":{"start":{"line":2,"column":0},"end":{"line":2,"column":39}},"3":{"start":{"line":6,"column":8},"end":{"line":6,"column":37}},"4":{"start":{"line":7,"column":8},"end":{"line":7,"column":30}},"5":{"start":{"line":8,"column":8},"end":{"line":8,"column":48}},"6":{"start":{"line":9,"column":8},"end":{"line":9,"column":50}},"7":{"start":{"line":10,"column":8},"end":{"line":10,"column":68}},"8":{"start":{"line":11,"column":8},"end":{"line":11,"column":86}},"9":{"start":{"line":12,"column":8},"end":{"line":12,"column":66}},"10":{"start":{"line":13,"column":8},"end":{"line":13,"column":46}},"11":{"start":{"line":14,"column":8},"end":{"line":14,"column":122}},"12":{"start":{"line":17,"column":8},"end":{"line":21,"column":14}},"13":{"start":{"line":18,"column":12},"end":{"line":21,"column":14}},"14":{"start":{"line":22,"column":8},"end":{"line":27,"column":9}},"15":{"start":{"line":23,"column":12},"end":{"line":26,"column":14}},"16":{"start":{"line":28,"column":8},"end":{"line":33,"column":9}},"17":{"start":{"line":29,"column":12},"end":{"line":32,"column":14}},"18":{"start":{"line":34,"column":8},"end":{"line":39,"column":9}},"19":{"start":{"line":35,"column":12},"end":{"line":38,"column":14}},"20":{"start":{"line":40,"column":8},"end":{"line":45,"column":9}},"21":{"start":{"line":41,"column":12},"end":{"line":44,"column":14}},"22":{"start":{"line":46,"column":8},"end":{"line":51,"column":9}},"23":{"start":{"line":47,"column":12},"end":{"line":50,"column":14}},"24":{"start":{"line":52,"column":8},"end":{"line":57,"column":9}},"25":{"start":{"line":53,"column":12},"end":{"line":56,"column":14}},"26":{"start":{"line":58,"column":8},"end":{"line":58,"column":31}},"27":{"start":{"line":61,"column":8},"end":{"line":61,"column":59}},"28":{"start":{"line":62,"column":8},"end":{"line":62,"column":54}},"29":{"start":{"line":63,"column":8},"end":{"line":63,"column":96}},"30":{"start":{"line":64,"column":8},"end":{"line":66,"column":9}},"31":{"start":{"line":65,"column":12},"end":{"line":65,"column":76}},"32":{"start":{"line":67,"column":8},"end":{"line":77,"column":10}},"33":{"start":{"line":78,"column":8},"end":{"line":79,"column":65}},"34":{"start":{"line":79,"column":12},"end":{"line":79,"column":65}},"35":{"start":{"line":80,"column":8},"end":{"line":80,"column":28}},"36":{"start":{"line":83,"column":0},"end":{"line":83,"column":25}}},"branchMap":{"1":{"line":6,"type":"binary-expr","locations":[{"start":{"line":6,"column":19},"end":{"line":6,"column":27}},{"start":{"line":6,"column":31},"end":{"line":6,"column":36}}]},"2":{"line":8,"type":"binary-expr","locations":[{"start":{"line":8,"column":20},"end":{"line":8,"column":39}},{"start":{"line":8,"column":43},"end":{"line":8,"column":47}}]},"3":{"line":9,"type":"binary-expr","locations":[{"start":{"line":9,"column":26},"end":{"line":9,"column":41}},{"start":{"line":9,"column":45},"end":{"line":9,"column":49}}]},"4":{"line":10,"type":"binary-expr","locations":[{"start":{"line":10,"column":29},"end":{"line":10,"column":47}},{"start":{"line":10,"column":51},"end":{"line":10,"column":67}}]},"5":{"line":11,"type":"binary-expr","locations":[{"start":{"line":11,"column":28},"end":{"line":11,"column":45}},{"start":{"line":11,"column":49},"end":{"line":11,"column":85}}]},"6":{"line":12,"type":"binary-expr","locations":[{"start":{"line":12,"column":34},"end":{"line":12,"column":57}},{"start":{"line":12,"column":61},"end":{"line":12,"column":65}}]},"7":{"line":14,"type":"cond-expr","locations":[{"start":{"line":14,"column":111},"end":{"line":14,"column":115}},{"start":{"line":14,"column":116},"end":{"line":14,"column":121}}]},"8":{"line":14,"type":"binary-expr","locations":[{"start":{"line":14,"column":37},"end":{"line":14,"column":75}},{"start":{"line":14,"column":77},"end":{"line":14,"column":110}}]},"9":{"line":17,"type":"if","locations":[{"start":{"line":17,"column":8},"end":{"line":17,"column":8}},{"start":{"line":17,"column":8},"end":{"line":17,"column":8}}]},"10":{"line":22,"type":"if","locations":[{"start":{"line":22,"column":8},"end":{"line":22,"column":8}},{"start":{"line":22,"column":8},"end":{"line":22,"column":8}}]},"11":{"line":22,"type":"binary-expr","locations":[{"start":{"line":22,"column":11},"end":{"line":22,"column":39}},{"start":{"line":22,"column":43},"end":{"line":22,"column":69}}]},"12":{"line":28,"type":"if","locations":[{"start":{"line":28,"column":8},"end":{"line":28,"column":8}},{"start":{"line":28,"column":8},"end":{"line":28,"column":8}}]},"13":{"line":28,"type":"binary-expr","locations":[{"start":{"line":28,"column":11},"end":{"line":28,"column":40}},{"start":{"line":28,"column":44},"end":{"line":28,"column":57}},{"start":{"line":28,"column":61},"end":{"line":28,"column":78}}]},"14":{"line":34,"type":"if","locations":[{"start":{"line":34,"column":8},"end":{"line":34,"column":8}},{"start":{"line":34,"column":8},"end":{"line":34,"column":8}}]},"15":{"line":34,"type":"binary-expr","locations":[{"start":{"line":34,"column":11},"end":{"line":34,"column":35}},{"start":{"line":34,"column":39},"end":{"line":34,"column":63}}]},"16":{"line":40,"type":"if","locations":[{"start":{"line":40,"column":8},"end":{"line":40,"column":8}},{"start":{"line":40,"column":8},"end":{"line":40,"column":8}}]},"17":{"line":46,"type":"if","locations":[{"start":{"line":46,"column":8},"end":{"line":46,"column":8}},{"start":{"line":46,"column":8},"end":{"line":46,"column":8}}]},"18":{"line":52,"type":"if","locations":[{"start":{"line":52,"column":8},"end":{"line":52,"column":8}},{"start":{"line":52,"column":8},"end":{"line":52,"column":8}}]},"19":{"line":62,"type":"cond-expr","locations":[{"start":{"line":62,"column":33},"end":{"line":62,"column":43}},{"start":{"line":62,"column":44},"end":{"line":62,"column":53}}]},"20":{"line":64,"type":"if","locations":[{"start":{"line":64,"column":8},"end":{"line":64,"column":8}},{"start":{"line":64,"column":8},"end":{"line":64,"column":8}}]},"21":{"line":78,"type":"if","locations":[{"start":{"line":78,"column":8},"end":{"line":78,"column":8}},{"start":{"line":78,"column":8},"end":{"line":78,"column":8}}]}},"l":{"1":1,"2":1,"6":14,"7":14,"8":14,"9":14,"10":14,"11":14,"12":14,"13":14,"14":14,"17":11,"18":1,"22":10,"23":1,"28":9,"29":1,"34":8,"35":1,"40":7,"41":1,"46":6,"47":1,"52":5,"53":1,"58":4,"61":7,"62":7,"63":7,"64":7,"65":3,"67":7,"78":7,"79":3,"80":7,"83":1}},
"/Users/andyjames/Documents/GitHub/vault-auth-aws/index.js":{"path":"/Users/andyjames/Documents/GitHub/vault-auth-aws/index.js","s":{"1":1,"2":1,"3":1,"4":1,"5":4,"6":4,"7":4,"8":0,"9":4,"10":4,"11":4,"12":4,"13":2,"14":4,"15":1,"16":4,"17":0,"18":0,"19":0,"20":0,"21":0,"22":0,"23":0,"24":0,"25":0,"26":0,"27":0,"28":1},"b":{"1":[0,4],"2":[2,2],"3":[1,3],"4":[0,0],"5":[0,0]},"f":{"1":4,"2":4,"3":0,"4":0},"fnMap":{"1":{"name":"(anonymous_1)","line":8,"loc":{"start":{"line":8,"column":16},"end":{"line":8,"column":23}}},"2":{"name":"(anonymous_2)","line":17,"loc":{"start":{"line":17,"column":15},"end":{"line":17,"column":23}}},"3":{"name":"(anonymous_3)","line":33,"loc":{"start":{"line":33,"column":17},"end":{"line":33,"column":20}}},"4":{"name":"(anonymous_4)","line":38,"loc":{"start":{"line":38,"column":38},"end":{"line":38,"column":64}}}},"statementMap":{"1":{"start":{"line":1,"column":0},"end":{"line":1,"column":31}},"2":{"start":{"line":2,"column":0},"end":{"line":2,"column":47}},"3":{"start":{"line":3,"column":0},"end":{"line":3,"column":60}},"4":{"start":{"line":4,"column":0},"end":{"line":4,"column":35}},"5":{"start":{"line":9,"column":8},"end":{"line":9,"column":45}},"6":{"start":{"line":10,"column":8},"end":{"line":10,"column":53}},"7":{"start":{"line":11,"column":8},"end":{"line":13,"column":9}},"8":{"start":{"line":12,"column":12},"end":{"line":12,"column":39}},"9":{"start":{"line":14,"column":8},"end":{"line":14,"column":44}},"10":{"start":{"line":18,"column":8},"end":{"line":18,"column":116}},"11":{"start":{"line":19,"column":8},"end":{"line":23,"column":10}},"12":{"start":{"line":24,"column":8},"end":{"line":26,"column":9}},"13":{"start":{"line":25,"column":12},"end":{"line":25,"column":58}},"14":{"start":{"line":27,"column":8},"end":{"line":29,"column":9}},"15":{"start":{"line":28,"column":12},"end":{"line":28,"column":62}},"16":{"start":{"line":30,"column":8},"end":{"line":30,"column":23}},"17":{"start":{"line":34,"column":8},"end":{"line":34,"column":64}},"18":{"start":{"line":35,"column":8},"end":{"line":50,"column":11}},"19":{"start":{"line":36,"column":12},"end":{"line":49,"column":15}},"20":{"start":{"line":37,"column":16},"end":{"line":37,"column":53}},"21":{"start":{"line":38,"column":16},"end":{"line":48,"column":19}},"22":{"start":{"line":39,"column":20},"end":{"line":47,"column":21}},"23":{"start":{"line":40,"column":24},"end":{"line":40,"column":36}},"24":{"start":{"line":42,"column":24},"end":{"line":42,"column":54}},"25":{"start":{"line":43,"column":24},"end":{"line":46,"column":40}},"26":{"start":{"line":44,"column":24},"end":{"line":44,"column":39}},"27":{"start":{"line":46,"column":24},"end":{"line":46,"column":40}},"28":{"start":{"line":54,"column":0},"end":{"line":54,"column":30}}},"branchMap":{"1":{"line":11,"type":"if","locations":[{"start":{"line":11,"column":8},"end":{"line":11,"column":8}},{"start":{"line":11,"column":8},"end":{"line":11,"column":8}}]},"2":{"line":24,"type":"if","locations":[{"start":{"line":24,"column":8},"end":{"line":24,"column":8}},{"start":{"line":24,"column":8},"end":{"line":24,"column":8}}]},"3":{"line":27,"type":"if","locations":[{"start":{"line":27,"column":8},"end":{"line":27,"column":8}},{"start":{"line":27,"column":8},"end":{"line":27,"column":8}}]},"4":{"line":39,"type":"if","locations":[{"start":{"line":39,"column":20},"end":{"line":39,"column":20}},{"start":{"line":39,"column":20},"end":{"line":39,"column":20}}]},"5":{"line":43,"type":"if","locations":[{"start":{"line":43,"column":24},"end":{"line":43,"column":24}},{"start":{"line":43,"column":24},"end":{"line":43,"column":24}}]}},"l":{"1":1,"2":1,"3":1,"4":1,"9":4,"10":4,"11":4,"12":0,"14":4,"18":4,"19":4,"24":4,"25":2,"27":4,"28":1,"30":4,"34":0,"35":0,"36":0,"37":0,"38":0,"39":0,"40":0,"42":0,"43":0,"44":0,"46":0,"54":1}}}
