TN:
SF:/Users/andyjames/Documents/GitHub/vault-auth-aws/libs/awsSignedConfigs.js
FN:4,(anonymous_1)
FN:10,(anonymous_2)
FN:33,(anonymous_3)
FN:45,(anonymous_4)
FNF:4
FNH:4
FNDA:6,(anonymous_1)
FNDA:6,(anonymous_2)
FNDA:6,(anonymous_3)
FNDA:6,(anonymous_4)
DA:1,1
DA:5,6
DA:6,6
DA:7,6
DA:8,6
DA:11,6
DA:15,6
DA:16,0
DA:19,6
DA:20,6
DA:28,0
DA:30,6
DA:34,6
DA:35,6
DA:36,6
DA:37,36
DA:38,6
DA:40,36
DA:42,6
DA:46,6
DA:48,6
DA:57,1
LF:22
LH:20
BRDA:15,1,0,0
BRDA:15,1,1,6
BRDA:19,2,0,6
BRDA:19,2,1,0
BRDA:37,3,0,6
BRDA:37,3,1,30
BRF:6
BRH:4
end_of_record
TN:
SF:/Users/andyjames/Documents/GitHub/vault-auth-aws/libs/configs.js
FN:5,(anonymous_1)
FN:16,(anonymous_2)
FN:60,(anonymous_3)
FNF:3
FNH:3
FNDA:14,(anonymous_1)
FNDA:11,(anonymous_2)
FNDA:7,(anonymous_3)
DA:1,1
DA:2,1
DA:6,14
DA:7,14
DA:8,14
DA:9,14
DA:10,14
DA:11,14
DA:12,14
DA:13,14
DA:14,14
DA:17,11
DA:18,1
DA:22,10
DA:23,1
DA:28,9
DA:29,1
DA:34,8
DA:35,1
DA:40,7
DA:41,1
DA:46,6
DA:47,1
DA:52,5
DA:53,1
DA:58,4
DA:61,7
DA:62,7
DA:63,7
DA:64,7
DA:65,3
DA:67,7
DA:78,7
DA:79,3
DA:80,7
DA:83,1
LF:36
LH:36
BRDA:6,1,0,14
BRDA:6,1,1,0
BRDA:8,2,0,14
BRDA:8,2,1,13
BRDA:9,3,0,14
BRDA:9,3,1,13
BRDA:10,4,0,14
BRDA:10,4,1,13
BRDA:11,5,0,14
BRDA:11,5,1,0
BRDA:12,6,0,14
BRDA:12,6,1,13
BRDA:14,7,0,13
BRDA:14,7,1,1
BRDA:14,8,0,14
BRDA:14,8,1,1
BRDA:17,9,0,1
BRDA:17,9,1,10
BRDA:22,10,0,1
BRDA:22,10,1,9
BRDA:22,11,0,10
BRDA:22,11,1,1
BRDA:28,12,0,1
BRDA:28,12,1,8
BRDA:28,13,0,9
BRDA:28,13,1,9
BRDA:28,13,2,9
BRDA:34,14,0,1
BRDA:34,14,1,7
BRDA:34,15,0,8
BRDA:34,15,1,1
BRDA:40,16,0,1
BRDA:40,16,1,6
BRDA:46,17,0,1
BRDA:46,17,1,5
BRDA:52,18,0,1
BRDA:52,18,1,4
BRDA:62,19,0,7
BRDA:62,19,1,0
BRDA:64,20,0,3
BRDA:64,20,1,4
BRDA:78,21,0,3
BRDA:78,21,1,4
BRF:43
BRH:40
end_of_record
TN:
SF:/Users/andyjames/Documents/GitHub/vault-auth-aws/index.js
FN:8,(anonymous_1)
FN:17,(anonymous_2)
FN:33,(anonymous_3)
FN:38,(anonymous_4)
FNF:4
FNH:2
FNDA:4,(anonymous_1)
FNDA:4,(anonymous_2)
FNDA:0,(anonymous_3)
FNDA:0,(anonymous_4)
DA:1,1
DA:2,1
DA:3,1
DA:4,1
DA:9,4
DA:10,4
DA:11,4
DA:12,0
DA:14,4
DA:18,4
DA:19,4
DA:24,4
DA:25,2
DA:27,4
DA:28,1
DA:30,4
DA:34,0
DA:35,0
DA:36,0
DA:37,0
DA:38,0
DA:39,0
DA:40,0
DA:42,0
DA:43,0
DA:44,0
DA:46,0
DA:54,1
LF:28
LH:16
BRDA:11,1,0,0
BRDA:11,1,1,4
BRDA:24,2,0,2
BRDA:24,2,1,2
BRDA:27,3,0,1
BRDA:27,3,1,3
BRDA:39,4,0,0
BRDA:39,4,1,0
BRDA:43,5,0,0
BRDA:43,5,1,0
BRF:10
BRH:5
end_of_record
